11:00:49.956 [main] INFO  org.testng.internal.Utils - [TestNG] Running:
  E:\workspace_2025\march-js\Pavansdet\Opencart\grouping.xml

11:01:01.792 [main] INFO  testCases.TC001_AccountRegistrationTest - ***** Starting TC001_AccountRegistrationTest  ****
11:01:01.977 [main] INFO  testCases.TC001_AccountRegistrationTest - Clicked on MyAccount Link.. 
11:01:02.894 [main] INFO  testCases.TC001_AccountRegistrationTest - Clicked on Register Link.. 
11:01:02.896 [main] INFO  testCases.TC001_AccountRegistrationTest - Providing customer details...
11:01:04.747 [main] INFO  testCases.TC001_AccountRegistrationTest - Validating expected message..
11:01:14.803 [main] INFO  testCases.TC001_AccountRegistrationTest - Finished
11:01:24.654 [main] INFO  testCases.TC002_LoginTest - ****** Startign TC_002_LoginTest *****
11:01:26.140 [main] INFO  testCases.TC002_LoginTest - ****** Finished TC_002_LoginTest *****
11:05:28.041 [main] INFO  org.testng.internal.Utils - [TestNG] Running:
  E:\workspace_2025\march-js\Pavansdet\Opencart\grouping.xml

11:05:40.617 [main] INFO  testCases.TC001_AccountRegistrationTest - ***** Starting TC001_AccountRegistrationTest  ****
11:05:41.180 [main] INFO  testCases.TC001_AccountRegistrationTest - Clicked on MyAccount Link.. 
11:05:41.785 [main] INFO  testCases.TC001_AccountRegistrationTest - Clicked on Register Link.. 
11:05:41.788 [main] INFO  testCases.TC001_AccountRegistrationTest - Providing customer details...
11:05:43.370 [main] INFO  testCases.TC001_AccountRegistrationTest - Validating expected message..
11:05:53.446 [main] INFO  testCases.TC001_AccountRegistrationTest - Finished
11:06:08.944 [main] INFO  testCases.TC002_LoginTest - ****** Startign TC_002_LoginTest *****
11:06:11.123 [main] INFO  testCases.TC002_LoginTest - ****** Finished TC_002_LoginTest *****
13:00:39.022 [main] INFO  org.testng.internal.Utils - [TestNG] Running:
  E:\workspace_2025\march-js\Pavansdet\Opencart\master.xml

13:01:11.932 [main] INFO  testCases.TC001_AccountRegistrationTest - ***** Starting TC001_AccountRegistrationTest  ****
13:01:13.144 [main] INFO  testCases.TC001_AccountRegistrationTest - Clicked on MyAccount Link.. 
13:01:13.759 [main] INFO  testCases.TC001_AccountRegistrationTest - Clicked on Register Link.. 
13:01:13.766 [main] INFO  testCases.TC001_AccountRegistrationTest - Providing customer details...
13:01:15.474 [main] INFO  testCases.TC001_AccountRegistrationTest - Validating expected message..
13:01:25.546 [main] INFO  testCases.TC001_AccountRegistrationTest - Finished
13:01:33.280 [main] INFO  testCases.TC002_LoginTest - ****** Startign TC_002_LoginTest *****
13:01:35.079 [main] INFO  testCases.TC002_LoginTest - ****** Finished TC_002_LoginTest *****
13:04:45.232 [main] INFO  org.testng.internal.Utils - [TestNG] Running:
  E:\workspace_2025\march-js\Pavansdet\Opencart\master.xml

13:05:52.868 [main] INFO  org.testng.internal.Utils - [TestNG] Running:
  E:\workspace_2025\march-js\Pavansdet\Opencart\master.xml

13:07:51.000 [main] INFO  org.testng.internal.Utils - [TestNG] Running:
  E:\workspace_2025\march-js\Pavansdet\Opencart\master.xml

14:24:56.500 [main] INFO  org.testng.internal.Utils - [TestNG] Running:
  E:\workspace_2025\march-js\Pavansdet\Opencart\master.xml

14:25:21.912 [main] INFO  testCases.TC001_AccountRegistrationTest - ***** Starting TC001_AccountRegistrationTest  ****
14:25:23.334 [main] INFO  testCases.TC001_AccountRegistrationTest - Clicked on MyAccount Link.. 
14:25:24.042 [main] INFO  testCases.TC001_AccountRegistrationTest - Clicked on Register Link.. 
14:25:24.603 [main] INFO  testCases.TC001_AccountRegistrationTest - Providing customer details...
14:25:27.292 [main] INFO  testCases.TC001_AccountRegistrationTest - Validating expected message..
14:25:37.345 [main] INFO  testCases.TC001_AccountRegistrationTest - Finished
14:25:44.274 [main] INFO  testCases.TC002_LoginTest - ****** Startign TC_002_LoginTest *****
14:25:46.643 [main] INFO  testCases.TC002_LoginTest - ****** Finished TC_002_LoginTest *****
15:10:35.296 [main] INFO  org.testng.internal.Utils - [TestNG] Running:
  E:\workspace_2025\march-js\Pavansdet\Opencart\master.xml

15:10:49.591 [main] INFO  testCases.TC001_AccountRegistrationTest - ***** Starting TC001_AccountRegistrationTest  ****
15:10:50.846 [main] INFO  testCases.TC001_AccountRegistrationTest - Clicked on MyAccount Link.. 
15:10:51.712 [main] INFO  testCases.TC001_AccountRegistrationTest - Clicked on Register Link.. 
15:10:51.777 [main] INFO  testCases.TC001_AccountRegistrationTest - Providing customer details...
15:10:53.892 [main] INFO  testCases.TC001_AccountRegistrationTest - Validating expected message..
15:11:04.055 [main] INFO  testCases.TC001_AccountRegistrationTest - Finished
15:11:13.901 [main] INFO  testCases.TC002_LoginTest - ****** Startign TC_002_LoginTest *****
15:11:15.622 [main] INFO  testCases.TC002_LoginTest - ****** Finished TC_002_LoginTest *****
15:11:53.092 [main] INFO  org.testng.internal.Utils - [TestNG] Running:
  E:\workspace_2025\march-js\Pavansdet\Opencart\master.xml

