13:06:08.705 [main] ERROR org.testng.internal.Utils - [Error] java.lang.NullPointerException: Cannot invoke &quot;org.apache.poi.xssf.usermodel.XSSFRow.getCell(int)&quot; because &quot;this.row&quot; is null
	at utilities.ExcelUtility.getCellData(ExcelUtility.java:64)
	at utilities.DataProviders.getData(DataProviders.java:27)
	at java.base/jdk.internal.reflect.DirectMethodHandleAccessor.invoke(DirectMethodHandleAccessor.java:103)
	at java.base/java.lang.reflect.Method.invoke(Method.java:580)
	at org.testng.internal.invokers.MethodInvocationHelper.invokeMethod(MethodInvocationHelper.java:141)
	at org.testng.internal.invokers.MethodInvocationHelper.invokeMethod(MethodInvocationHelper.java:86)
	at org.testng.internal.invokers.MethodInvocationHelper.invokeMethodNoCheckedException(MethodInvocationHelper.java:54)
	at org.testng.internal.invokers.MethodInvocationHelper.invokeDataProvider(MethodInvocationHelper.java:159)
	at org.testng.internal.Parameters.handleParameters(Parameters.java:809)
	at org.testng.internal.Parameters.handleParameters(Parameters.java:734)
	at org.testng.internal.invokers.ParameterHandler.handleParameters(ParameterHandler.java:72)
	at org.testng.internal.invokers.ParameterHandler.createParameters(ParameterHandler.java:51)
	at org.testng.internal.invokers.TestInvoker$MethodInvocationAgent.invoke(TestInvoker.java:949)
	at org.testng.internal.invokers.TestInvoker.invokeTestMethods(TestInvoker.java:203)
	at org.testng.internal.invokers.TestMethodWorker.invokeTestMethods(TestMethodWorker.java:154)
	at org.testng.internal.invokers.TestMethodWorker.run(TestMethodWorker.java:134)
	at java.base/java.util.ArrayList.forEach(ArrayList.java:1597)
	at org.testng.TestRunner.privateRun(TestRunner.java:741)
	at org.testng.TestRunner.run(TestRunner.java:616)
	at org.testng.SuiteRunner.runTest(SuiteRunner.java:421)
	at org.testng.SuiteRunner.runSequentially(SuiteRunner.java:413)
	at org.testng.SuiteRunner.privateRun(SuiteRunner.java:373)
	at org.testng.SuiteRunner.run(SuiteRunner.java:312)
	at org.testng.SuiteRunnerWorker.runSuite(SuiteRunnerWorker.java:52)
	at org.testng.SuiteRunnerWorker.run(SuiteRunnerWorker.java:95)
	at org.testng.TestNG.runSuitesSequentially(TestNG.java:1274)
	at org.testng.TestNG.runSuitesLocally(TestNG.java:1208)
	at org.testng.TestNG.runSuites(TestNG.java:1112)
	at org.testng.TestNG.run(TestNG.java:1079)
	at org.testng.remote.AbstractRemoteTestNG.run(AbstractRemoteTestNG.java:115)
	at org.testng.remote.RemoteTestNG.initAndRun(RemoteTestNG.java:293)
	at org.testng.remote.RemoteTestNG.main(RemoteTestNG.java:91)

13:06:08.923 [main] INFO  org.testng.internal.Utils - [TestNG] Time taken by org.testng.reporters.jq.Main@6272c96f: 70 ms
13:06:09.287 [main] INFO  org.testng.internal.Utils - [TestNG] Time taken by org.testng.reporters.FailedReporter@4c98a6d5: 364 ms
13:06:09.305 [main] INFO  org.testng.internal.Utils - [TestNG] Time taken by org.testng.reporters.XMLReporter@ccd1bc3: 17 ms
13:06:09.317 [main] INFO  org.testng.internal.Utils - [TestNG] Time taken by org.testng.reporters.EmailableReporter2@15923407: 12 ms
13:06:09.957 [main] INFO  org.testng.internal.Utils - [TestNG] Time taken by org.testng.reporters.JUnitReportReporter@ecfbe91: 638 ms
13:06:09.957 [main] INFO  org.testng.internal.Utils - [TestNG] Time taken by org.testng.internal.ExitCodeListener@20ed3303: 0 ms
13:25:38.072 [main] INFO  org.testng.internal.Utils - [TestNG] Running:
  E:\workspace_2025\march-js\Pavansdet\Opencart\master.xml

13:26:21.958 [main] INFO  testCases.TC003_LoginDDT - ***** stating TC_003_LoginDDT ******
13:26:25.432 [main] INFO  testCases.TC003_LoginDDT - ***** Finished TC_003_LoginDDT ******
13:26:25.445 [main] INFO  testCases.TC003_LoginDDT - ***** stating TC_003_LoginDDT ******
13:26:36.769 [main] INFO  testCases.TC003_LoginDDT - ***** Finished TC_003_LoginDDT ******
13:26:36.777 [main] INFO  testCases.TC003_LoginDDT - ***** stating TC_003_LoginDDT ******
13:26:47.510 [main] INFO  testCases.TC003_LoginDDT - ***** Finished TC_003_LoginDDT ******
13:26:47.516 [main] INFO  testCases.TC003_LoginDDT - ***** stating TC_003_LoginDDT ******
13:26:58.658 [main] INFO  testCases.TC003_LoginDDT - ***** Finished TC_003_LoginDDT ******
13:26:58.664 [main] INFO  testCases.TC003_LoginDDT - ***** stating TC_003_LoginDDT ******
13:27:00.359 [main] INFO  testCases.TC003_LoginDDT - ***** Finished TC_003_LoginDDT ******
13:30:22.941 [main] INFO  org.testng.internal.Utils - [TestNG] Running:
  E:\workspace_2025\march-js\Pavansdet\Opencart\master.xml

13:30:39.931 [main] INFO  testCases.TC003_LoginDDT - ***** stating TC_003_LoginDDT ******
13:30:42.058 [main] INFO  testCases.TC003_LoginDDT - ***** Finished TC_003_LoginDDT ******
13:30:42.065 [main] INFO  testCases.TC003_LoginDDT - ***** stating TC_003_LoginDDT ******
13:30:53.297 [main] INFO  testCases.TC003_LoginDDT - ***** Finished TC_003_LoginDDT ******
13:30:53.303 [main] INFO  testCases.TC003_LoginDDT - ***** stating TC_003_LoginDDT ******
